<!--?xml version="1.0" encoding="UTF-8"?-->
<testsuites name="file:///C:/Users/Admin/Desktop/Jenkins/js/index.html" tests="10" failures="5" errors="0" time="0.01">
<testsuite id="0" name="Module 1" hostname="localhost" tests="5" failures="2" errors="0" time="0.004" timestamp="2018-05-24T08:51:32Z">
<testcase name="test 1" time="0.003" timestamp="2018-05-24T08:51:32Z">
<failure type="AssertionFailedError" message="Assert fail 1 = 2">
<actual value="1">
<expected value="2">
</expected></actual></failure>
</testcase>
<testcase name="test 2" time="0.001" timestamp="2018-05-24T08:51:32Z">
<failure type="AssertionFailedError" message="Assert fail 1 = 2">
<actual value="1">
<expected value="2">
</expected></actual></failure>
</testcase>
<system-out>
<!--[CDATA[
[Module 1, test 1, 2] Assert fail 1 = 2
Source: file:///C:/Users/Admin/Desktop/Jenkins/js/qunit-reporter-junit.test.js:8:15
[Module 1, test 2, 2] Assert fail 1 = 2
Source: file:///C:/Users/Admin/Desktop/Jenkins/js/qunit-reporter-junit.test.js:14:15
]]-->
</system-out>
</testsuite>
<testsuite id="1" name="Module 2" hostname="localhost" tests="5" failures="3" errors="0" time="0.001" timestamp="2018-05-24T08:51:32Z">
<testcase name="test 3" time="0" timestamp="2018-05-24T08:51:32Z">
<failure type="AssertionFailedError" message="Assert fail 1 = 2">
<actual value="1">
<expected value="2">
</expected></actual></failure>
</testcase>
<testcase name="test 4" time="0" timestamp="2018-05-24T08:51:32Z">
<failure type="AssertionFailedError" message="Assert fail 1 = 2">
<actual value="1">
<expected value="2">
</expected></actual></failure>
<failure type="AssertionFailedError" message="Assert fail 1 = 3">
<actual value="1">
<expected value="3">
</expected></actual></failure>
</testcase>
<system-out>
<!--[CDATA[
[Module 2, test 3, 2] Assert fail 1 = 2
Source: file:///C:/Users/Admin/Desktop/Jenkins/js/qunit-reporter-junit.test.js:24:15
[Module 2, test 4, 2] Assert fail 1 = 2
Source: file:///C:/Users/Admin/Desktop/Jenkins/js/qunit-reporter-junit.test.js:30:15
[Module 2, test 4, 3] Assert fail 1 = 3
Source: file:///C:/Users/Admin/Desktop/Jenkins/js/qunit-reporter-junit.test.js:31:15
]]-->
</system-out>
</testsuite>
</testsuites>