<?xml version="1.0" encoding="UTF-8"?>
<testsuites name="http://localhost:8080/BAE_4_3_REST_API_TEST_V1/scripts/rest_api_test_runner_local.html" tests="5447" failures="0" errors="0" time="5.392">
<testsuite id="0" name="Neighbourhood" hostname="localhost" tests="14" failures="0" errors="0" time="0.26" timestamp="2018-06-14T05:08:10Z">
<testcase name="Reading Neighborhood with ID=1" time="0.079" timestamp="2018-06-14T05:08:10Z">
</testcase>
<testcase name="Posting new Neighborhood at level 2" time="0.044" timestamp="2018-06-14T05:08:10Z">
</testcase>
<testcase name="Delete test case for neighborhood at level 2" time="0.047" timestamp="2018-06-14T05:08:10Z">
</testcase>
<testcase name="Posting new Neighborhood at level 0" time="0.039" timestamp="2018-06-14T05:08:10Z">
</testcase>
<testcase name="Delete test case for neighborhood" time="0.049" timestamp="2018-06-14T05:08:10Z">
</testcase>
</testsuite>
<testsuite id="1" name="Whiteboard" hostname="localhost" tests="9" failures="0" errors="0" time="0.148" timestamp="2018-06-14T05:08:10Z">
<testcase name="Reading Whiteboard of Collaboration ID=1001" time="0.061" timestamp="2018-06-14T05:08:10Z">
</testcase>
<testcase name="Reading Whiteboard of not existed Collaboration ID=999" time="0.036" timestamp="2018-06-14T05:08:11Z">
</testcase>
<testcase name="Reading Whiteboard of not existed Collaboration with Negative ID= -999" time="0.01" timestamp="2018-06-14T05:08:11Z">
</testcase>
<testcase name="Posting existed Whiteboard" time="0.04" timestamp="2018-06-14T05:08:11Z">
</testcase>
</testsuite>
<testsuite id="2" name="Collaborations" hostname="localhost" tests="3" failures="0" errors="0" time="0.077" timestamp="2018-06-14T05:08:11Z">
<testcase name="Reading Collaborations of Neighborhood ID=1" time="0.043" timestamp="2018-06-14T05:08:11Z">
</testcase>
<testcase name="Reading Collaborations of Neighborhood when collaboration are not exist" time="0.034" timestamp="2018-06-14T05:08:11Z">
</testcase>
</testsuite>
<testsuite id="3" name="Relation" hostname="localhost" tests="2" failures="0" errors="0" time="0.115" timestamp="2018-06-14T05:08:11Z">
<testcase name="Reading Relation of Neighborhood ID=1" time="0.114" timestamp="2018-06-14T05:08:11Z">
</testcase>
</testsuite>
<testsuite id="4" name="Grid" hostname="localhost" tests="16" failures="0" errors="0" time="0.266" timestamp="2018-06-14T05:08:11Z">
<testcase name="User having Multiple Memberships creating Grid using MEMBERSHIP-1 " time="0.046" timestamp="2018-06-14T05:08:11Z">
</testcase>
<testcase name="User having Multiple Memberships creating Grid using MEMBERSHIP-2" time="0.045" timestamp="2018-06-14T05:08:11Z">
</testcase>
<testcase name="InValid Collaboration ID" time="0.034" timestamp="2018-06-14T05:08:11Z">
</testcase>
<testcase name="InValid Whiteboard ID" time="0.039" timestamp="2018-06-14T05:08:11Z">
</testcase>
<testcase name="Missing Cell element while Exporting Grid" time="0.034" timestamp="2018-06-14T05:08:11Z">
</testcase>
<testcase name="Missing Row element while Exporting Grid" time="0.033" timestamp="2018-06-14T05:08:11Z">
</testcase>
<testcase name="Missing columnArray element while Exporting Grid" time="0.032" timestamp="2018-06-14T05:08:11Z">
</testcase>
</testsuite>
<testsuite id="5" name="User" hostname="localhost" tests="3599" failures="0" errors="0" time="3.084" timestamp="2018-06-14T05:08:11Z">
<testcase name="Test Case For Single User" time="0.044" timestamp="2018-06-14T05:08:11Z">
</testcase>
<testcase name="Test Case For User With id=2" time="0.039" timestamp="2018-06-14T05:08:11Z">
</testcase>
<testcase name="Test Case For Negative user Id" time="0.01" timestamp="2018-06-14T05:08:11Z">
</testcase>
<testcase name="Test Case For zero user Id" time="0.01" timestamp="2018-06-14T05:08:11Z">
</testcase>
<testcase name="Test Case For User Not Found" time="0.039" timestamp="2018-06-14T05:08:11Z">
</testcase>
<testcase name="Test Case For Missing Authorization for user ID = 1" time="0.013" timestamp="2018-06-14T05:08:11Z">
</testcase>
<testcase name="Test Case For all Active Users" time="2.066" timestamp="2018-06-14T05:08:11Z">
</testcase>
<testcase name="Test Case For Missing Authorization for Active Users" time="0.13" timestamp="2018-06-14T05:08:13Z">
</testcase>
<testcase name="Test Case For all non-active Users" time="0.641" timestamp="2018-06-14T05:08:13Z">
</testcase>
<testcase name="Test Case For Invalid Authorization for Posting new user" time="0.032" timestamp="2018-06-14T05:08:14Z">
</testcase>
<testcase name="Post test cases for new User with Blank Name And Password" time="0.01" timestamp="2018-06-14T05:08:14Z">
</testcase>
<testcase name="Put test cases for User with Blank email, firstName, lastName" time="0.012" timestamp="2018-06-14T05:08:14Z">
</testcase>
<testcase name="Put test cases for User with Missing email, firstName, lastName" time="0.012" timestamp="2018-06-14T05:08:14Z">
</testcase>
<testcase name="Test case for Deleting User with Missing Authorization" time="0.015" timestamp="2018-06-14T05:08:14Z">
</testcase>
</testsuite>
<testsuite id="6" name="Member" hostname="localhost" tests="1804" failures="0" errors="0" time="1.428" timestamp="2018-06-14T05:08:14Z">
<testcase name="Get members of neighborhood" time="1.286" timestamp="2018-06-14T05:08:14Z">
</testcase>
<testcase name="Get empty data for neighborhood without any members" time="0.069" timestamp="2018-06-14T05:08:15Z">
</testcase>
<testcase name="Get members from nhid 0 neighborhood" time="0.014" timestamp="2018-06-14T05:08:15Z">
</testcase>
<testcase name="Get members from nhid -1 neighborhood" time="0.014" timestamp="2018-06-14T05:08:16Z">
</testcase>
<testcase name="Get members from non-existing neighborhood" time="0.038" timestamp="2018-06-14T05:08:16Z">
</testcase>
</testsuite>
</testsuites>