<?xml version="1.0" encoding="UTF-8"?>
<testsuites name="http://localhost:8080/BAE_4_3_REST_API_TEST_V1/scripts/rest_api_test_runner_local.html" tests="5447" failures="0" errors="0" time="5.278">
<testsuite id="0" name="Neighbourhood" hostname="localhost" tests="14" failures="0" errors="0" time="0.27" timestamp="2018-06-14T07:15:39Z">
<testcase name="Reading Neighborhood with ID=1" time="0.087" timestamp="2018-06-14T07:15:39Z">
</testcase>
<testcase name="Posting new Neighborhood at level 2" time="0.055" timestamp="2018-06-14T07:15:39Z">
</testcase>
<testcase name="Delete test case for neighborhood at level 2" time="0.048" timestamp="2018-06-14T07:15:39Z">
</testcase>
<testcase name="Posting new Neighborhood at level 0" time="0.034" timestamp="2018-06-14T07:15:39Z">
</testcase>
<testcase name="Delete test case for neighborhood" time="0.045" timestamp="2018-06-14T07:15:39Z">
</testcase>
</testsuite>
<testsuite id="1" name="Whiteboard" hostname="localhost" tests="9" failures="0" errors="0" time="0.134" timestamp="2018-06-14T07:15:39Z">
<testcase name="Reading Whiteboard of Collaboration ID=1001" time="0.043" timestamp="2018-06-14T07:15:39Z">
</testcase>
<testcase name="Reading Whiteboard of not existed Collaboration ID=999" time="0.035" timestamp="2018-06-14T07:15:39Z">
</testcase>
<testcase name="Reading Whiteboard of not existed Collaboration with Negative ID= -999" time="0.011" timestamp="2018-06-14T07:15:39Z">
</testcase>
<testcase name="Posting existed Whiteboard" time="0.043" timestamp="2018-06-14T07:15:39Z">
</testcase>
</testsuite>
<testsuite id="2" name="Collaborations" hostname="localhost" tests="3" failures="0" errors="0" time="0.081" timestamp="2018-06-14T07:15:40Z">
<testcase name="Reading Collaborations of Neighborhood ID=1" time="0.046" timestamp="2018-06-14T07:15:40Z">
</testcase>
<testcase name="Reading Collaborations of Neighborhood when collaboration are not exist" time="0.034" timestamp="2018-06-14T07:15:40Z">
</testcase>
</testsuite>
<testsuite id="3" name="Relation" hostname="localhost" tests="2" failures="0" errors="0" time="0.109" timestamp="2018-06-14T07:15:40Z">
<testcase name="Reading Relation of Neighborhood ID=1" time="0.109" timestamp="2018-06-14T07:15:40Z">
</testcase>
</testsuite>
<testsuite id="4" name="Grid" hostname="localhost" tests="16" failures="0" errors="0" time="0.273" timestamp="2018-06-14T07:15:40Z">
<testcase name="User having Multiple Memberships creating Grid using MEMBERSHIP-1 " time="0.047" timestamp="2018-06-14T07:15:40Z">
</testcase>
<testcase name="User having Multiple Memberships creating Grid using MEMBERSHIP-2" time="0.045" timestamp="2018-06-14T07:15:40Z">
</testcase>
<testcase name="InValid Collaboration ID" time="0.036" timestamp="2018-06-14T07:15:40Z">
</testcase>
<testcase name="InValid Whiteboard ID" time="0.041" timestamp="2018-06-14T07:15:40Z">
</testcase>
<testcase name="Missing Cell element while Exporting Grid" time="0.037" timestamp="2018-06-14T07:15:40Z">
</testcase>
<testcase name="Missing Row element while Exporting Grid" time="0.03" timestamp="2018-06-14T07:15:40Z">
</testcase>
<testcase name="Missing columnArray element while Exporting Grid" time="0.034" timestamp="2018-06-14T07:15:40Z">
</testcase>
</testsuite>
<testsuite id="5" name="User" hostname="localhost" tests="3599" failures="0" errors="0" time="3.074" timestamp="2018-06-14T07:15:40Z">
<testcase name="Test Case For Single User" time="0.044" timestamp="2018-06-14T07:15:40Z">
</testcase>
<testcase name="Test Case For User With id=2" time="0.038" timestamp="2018-06-14T07:15:40Z">
</testcase>
<testcase name="Test Case For Negative user Id" time="0.009" timestamp="2018-06-14T07:15:40Z">
</testcase>
<testcase name="Test Case For zero user Id" time="0.011" timestamp="2018-06-14T07:15:40Z">
</testcase>
<testcase name="Test Case For User Not Found" time="0.034" timestamp="2018-06-14T07:15:40Z">
</testcase>
<testcase name="Test Case For Missing Authorization for user ID = 1" time="0.009" timestamp="2018-06-14T07:15:40Z">
</testcase>
<testcase name="Test Case For all Active Users" time="2.12" timestamp="2018-06-14T07:15:40Z">
</testcase>
<testcase name="Test Case For Missing Authorization for Active Users" time="0.132" timestamp="2018-06-14T07:15:42Z">
</testcase>
<testcase name="Test Case For all non-active Users" time="0.585" timestamp="2018-06-14T07:15:42Z">
</testcase>
<testcase name="Test Case For Invalid Authorization for Posting new user" time="0.03" timestamp="2018-06-14T07:15:43Z">
</testcase>
<testcase name="Post test cases for new User with Blank Name And Password" time="0.009" timestamp="2018-06-14T07:15:43Z">
</testcase>
<testcase name="Put test cases for User with Blank email, firstName, lastName" time="0.012" timestamp="2018-06-14T07:15:43Z">
</testcase>
<testcase name="Put test cases for User with Missing email, firstName, lastName" time="0.011" timestamp="2018-06-14T07:15:43Z">
</testcase>
<testcase name="Test case for Deleting User with Missing Authorization" time="0.014" timestamp="2018-06-14T07:15:43Z">
</testcase>
</testsuite>
<testsuite id="6" name="Member" hostname="localhost" tests="1804" failures="0" errors="0" time="1.32" timestamp="2018-06-14T07:15:43Z">
<testcase name="Get members of neighborhood" time="1.176" timestamp="2018-06-14T07:15:43Z">
</testcase>
<testcase name="Get empty data for neighborhood without any members" time="0.067" timestamp="2018-06-14T07:15:44Z">
</testcase>
<testcase name="Get members from nhid 0 neighborhood" time="0.016" timestamp="2018-06-14T07:15:44Z">
</testcase>
<testcase name="Get members from nhid -1 neighborhood" time="0.014" timestamp="2018-06-14T07:15:44Z">
</testcase>
<testcase name="Get members from non-existing neighborhood" time="0.037" timestamp="2018-06-14T07:15:44Z">
</testcase>
</testsuite>
</testsuites>